  trace.cpp
C:\Users\米高周敦\Desktop\zuoye\rayTracing\rayTracing\trace.H(57,69): warning C4244: “参数”: 从“double”转换到“float”，可能丢失数据
C:\Users\米高周敦\Desktop\zuoye\rayTracing\rayTracing\trace.H(57,40): warning C4244: “参数”: 从“double”转换到“float”，可能丢失数据
C:\Users\米高周敦\Desktop\zuoye\rayTracing\rayTracing\trace.H(58,69): warning C4244: “参数”: 从“double”转换到“float”，可能丢失数据
C:\Users\米高周敦\Desktop\zuoye\rayTracing\rayTracing\trace.H(58,40): warning C4244: “参数”: 从“double”转换到“float”，可能丢失数据
C:\Users\米高周敦\Desktop\zuoye\rayTracing\rayTracing\trace.H(173,21): warning C4244: “参数”: 从“double”转换到“float”，可能丢失数据
C:\Users\米高周敦\Desktop\zuoye\rayTracing\rayTracing\trace.H(173,17): warning C4244: “参数”: 从“double”转换到“float”，可能丢失数据
C:\Users\米高周敦\Desktop\zuoye\rayTracing\rayTracing\trace.cpp(32,41): warning C4244: “参数”: 从“double”转换到“float”，可能丢失数据
C:\Users\米高周敦\Desktop\zuoye\rayTracing\rayTracing\trace.cpp(32,34): warning C4244: “参数”: 从“double”转换到“float”，可能丢失数据
C:\Users\米高周敦\Desktop\zuoye\rayTracing\rayTracing\trace.cpp(32,21): warning C4244: “参数”: 从“double”转换到“float”，可能丢失数据
C:\Users\米高周敦\Desktop\zuoye\rayTracing\rayTracing\trace.cpp(33,41): warning C4244: “参数”: 从“double”转换到“float”，可能丢失数据
C:\Users\米高周敦\Desktop\zuoye\rayTracing\rayTracing\trace.cpp(33,34): warning C4244: “参数”: 从“double”转换到“float”，可能丢失数据
C:\Users\米高周敦\Desktop\zuoye\rayTracing\rayTracing\trace.cpp(33,21): warning C4244: “参数”: 从“double”转换到“float”，可能丢失数据
C:\Users\米高周敦\Desktop\zuoye\rayTracing\rayTracing\trace.cpp(34,41): warning C4244: “参数”: 从“double”转换到“float”，可能丢失数据
C:\Users\米高周敦\Desktop\zuoye\rayTracing\rayTracing\trace.cpp(34,34): warning C4244: “参数”: 从“double”转换到“float”，可能丢失数据
C:\Users\米高周敦\Desktop\zuoye\rayTracing\rayTracing\trace.cpp(34,21): warning C4244: “参数”: 从“double”转换到“float”，可能丢失数据
C:\Users\米高周敦\Desktop\zuoye\rayTracing\rayTracing\trace.cpp(37,41): warning C4244: “参数”: 从“double”转换到“float”，可能丢失数据
C:\Users\米高周敦\Desktop\zuoye\rayTracing\rayTracing\trace.cpp(37,34): warning C4244: “参数”: 从“double”转换到“float”，可能丢失数据
C:\Users\米高周敦\Desktop\zuoye\rayTracing\rayTracing\trace.cpp(37,21): warning C4244: “参数”: 从“double”转换到“float”，可能丢失数据
C:\Users\米高周敦\Desktop\zuoye\rayTracing\rayTracing\trace.cpp(38,41): warning C4244: “参数”: 从“double”转换到“float”，可能丢失数据
C:\Users\米高周敦\Desktop\zuoye\rayTracing\rayTracing\trace.cpp(38,34): warning C4244: “参数”: 从“double”转换到“float”，可能丢失数据
C:\Users\米高周敦\Desktop\zuoye\rayTracing\rayTracing\trace.cpp(38,21): warning C4244: “参数”: 从“double”转换到“float”，可能丢失数据
C:\Users\米高周敦\Desktop\zuoye\rayTracing\rayTracing\trace.cpp(39,41): warning C4244: “参数”: 从“double”转换到“float”，可能丢失数据
C:\Users\米高周敦\Desktop\zuoye\rayTracing\rayTracing\trace.cpp(39,34): warning C4244: “参数”: 从“double”转换到“float”，可能丢失数据
C:\Users\米高周敦\Desktop\zuoye\rayTracing\rayTracing\trace.cpp(39,21): warning C4244: “参数”: 从“double”转换到“float”，可能丢失数据
C:\Users\米高周敦\Desktop\zuoye\rayTracing\rayTracing\trace.cpp(60,14): warning C4244: “初始化”: 从“double”转换到“float”，可能丢失数据
C:\Users\米高周敦\Desktop\zuoye\rayTracing\rayTracing\trace.cpp(61,10): warning C4244: “初始化”: 从“double”转换到“float”，可能丢失数据
C:\Users\米高周敦\Desktop\zuoye\rayTracing\rayTracing\trace.cpp(62,11): warning C4244: “初始化”: 从“double”转换到“float”，可能丢失数据
C:\Users\米高周敦\Desktop\zuoye\rayTracing\rayTracing\trace.cpp(63,11): warning C4244: “初始化”: 从“double”转换到“float”，可能丢失数据
C:\Users\米高周敦\Desktop\zuoye\rayTracing\rayTracing\trace.cpp(96,11): warning C4244: “初始化”: 从“double”转换到“float”，可能丢失数据
C:\Users\米高周敦\Desktop\zuoye\rayTracing\rayTracing\trace.cpp(97,11): warning C4244: “初始化”: 从“double”转换到“float”，可能丢失数据
C:\Users\米高周敦\Desktop\zuoye\rayTracing\rayTracing\trace.cpp(98,11): warning C4244: “初始化”: 从“double”转换到“float”，可能丢失数据
C:\Users\米高周敦\Desktop\zuoye\rayTracing\rayTracing\trace.cpp(99,10): warning C4244: “初始化”: 从“double”转换到“float”，可能丢失数据
C:\Users\米高周敦\Desktop\zuoye\rayTracing\rayTracing\trace.cpp(100,10): warning C4244: “初始化”: 从“double”转换到“float”，可能丢失数据
C:\Users\米高周敦\Desktop\zuoye\rayTracing\rayTracing\trace.cpp(101,10): warning C4244: “初始化”: 从“double”转换到“float”，可能丢失数据
C:\Users\米高周敦\Desktop\zuoye\rayTracing\rayTracing\trace.cpp(105,13): warning C4244: “初始化”: 从“double”转换到“float”，可能丢失数据
C:\Users\米高周敦\Desktop\zuoye\rayTracing\rayTracing\trace.cpp(106,13): warning C4244: “初始化”: 从“double”转换到“float”，可能丢失数据
C:\Users\米高周敦\Desktop\zuoye\rayTracing\rayTracing\trace.cpp(307,15): warning C4244: “初始化”: 从“double”转换到“float”，可能丢失数据
C:\Users\米高周敦\Desktop\zuoye\rayTracing\rayTracing\trace.cpp(310,15): warning C4244: “初始化”: 从“double”转换到“float”，可能丢失数据
C:\Users\米高周敦\Desktop\zuoye\rayTracing\rayTracing\trace.cpp(403,6): warning C4101: “c”: 未引用的局部变量
  rayTracing.vcxproj -> C:\Users\米高周敦\Desktop\zuoye\rayTracing\x64\Debug\rayTracing.exe
